2024-04-14 13:10:37.829 INFO  org.example.Main transactionId=[] - Starting Main using Java 21 with PID 8876 (C:\Users\Den\IdeaProjects\gym\main-service\target\classes started by Den in C:\Users\Den\IdeaProjects\gym)
2024-04-14 13:10:37.837 INFO  org.example.Main transactionId=[] - The following 1 profile is active: "local"
2024-04-14 13:10:38.755 INFO  org.springframework.data.repository.config.RepositoryConfigurationDelegate transactionId=[] - Bootstrapping Spring Data JPA repositories in DEFAULT mode.
2024-04-14 13:10:38.833 INFO  org.springframework.data.repository.config.RepositoryConfigurationDelegate transactionId=[] - Finished Spring Data repository scanning in 70 ms. Found 5 JPA repository interfaces.
2024-04-14 13:10:39.318 ERROR org.apache.catalina.core.AprLifecycleListener transactionId=[] - An incompatible version [1.2.33] of the Apache Tomcat Native library is installed, while Tomcat requires version [1.2.34]
2024-04-14 13:10:39.545 INFO  org.springframework.boot.web.embedded.tomcat.TomcatWebServer transactionId=[] - Tomcat initialized with port 8080 (http)
2024-04-14 13:10:39.556 INFO  org.apache.catalina.core.StandardService transactionId=[] - Starting service [Tomcat]
2024-04-14 13:10:39.556 INFO  org.apache.catalina.core.StandardEngine transactionId=[] - Starting Servlet engine: [Apache Tomcat/10.1.19]
2024-04-14 13:10:39.626 INFO  org.apache.catalina.core.ContainerBase.[Tomcat].[localhost].[/] transactionId=[] - Initializing Spring embedded WebApplicationContext
2024-04-14 13:10:39.626 INFO  org.springframework.boot.web.servlet.context.ServletWebServerApplicationContext transactionId=[] - Root WebApplicationContext: initialization completed in 1751 ms
2024-04-14 13:10:39.911 INFO  org.hibernate.jpa.internal.util.LogHelper transactionId=[] - HHH000204: Processing PersistenceUnitInfo [name: default]
2024-04-14 13:10:39.981 INFO  org.hibernate.Version transactionId=[] - HHH000412: Hibernate ORM core version 6.4.1.Final
2024-04-14 13:10:40.017 INFO  org.hibernate.cache.internal.RegionFactoryInitiator transactionId=[] - HHH000026: Second-level cache disabled
2024-04-14 13:10:40.259 INFO  org.springframework.orm.jpa.persistenceunit.SpringPersistenceUnitInfo transactionId=[] - No LoadTimeWeaver setup: ignoring JPA class transformer
2024-04-14 13:10:40.287 INFO  com.zaxxer.hikari.HikariDataSource transactionId=[] - HikariPool-1 - Starting...
2024-04-14 13:10:40.420 INFO  com.zaxxer.hikari.pool.HikariPool transactionId=[] - HikariPool-1 - Added connection com.mysql.cj.jdbc.ConnectionImpl@7d0df326
2024-04-14 13:10:40.421 INFO  com.zaxxer.hikari.HikariDataSource transactionId=[] - HikariPool-1 - Start completed.
2024-04-14 13:10:41.404 INFO  org.hibernate.engine.transaction.jta.platform.internal.JtaPlatformInitiator transactionId=[] - HHH000489: No JTA platform available (set 'hibernate.transaction.jta.platform' to enable JTA platform integration)
2024-04-14 13:10:41.482 INFO  org.springframework.orm.jpa.LocalContainerEntityManagerFactoryBean transactionId=[] - Initialized JPA EntityManagerFactory for persistence unit 'default'
2024-04-14 13:10:41.763 INFO  org.springframework.data.jpa.repository.query.QueryEnhancerFactory transactionId=[] - Hibernate is in classpath; If applicable, HQL parser will be used.
2024-04-14 13:10:42.262 WARN  org.springframework.boot.autoconfigure.orm.jpa.JpaBaseConfiguration$JpaWebConfiguration transactionId=[] - spring.jpa.open-in-view is enabled by default. Therefore, database queries may be performed during view rendering. Explicitly configure spring.jpa.open-in-view to disable this warning
2024-04-14 13:10:42.684 INFO  org.springframework.boot.actuate.endpoint.web.EndpointLinksResolver transactionId=[] - Exposing 2 endpoint(s) beneath base path '/actuator'
2024-04-14 13:10:42.757 INFO  org.springframework.security.web.DefaultSecurityFilterChain transactionId=[] - Will secure any request with [org.springframework.security.web.session.DisableEncodeUrlFilter@1ef8cf89, org.springframework.security.web.context.request.async.WebAsyncManagerIntegrationFilter@4bb05a4e, org.springframework.security.web.context.SecurityContextHolderFilter@7d1f60cf, org.springframework.security.web.header.HeaderWriterFilter@78ded8c9, org.springframework.web.filter.CorsFilter@1d9e511c, org.springframework.security.web.authentication.logout.LogoutFilter@30f39d9d, org.example.filter.JwtAuthenticationFilter@29e8c09c, org.springframework.security.web.savedrequest.RequestCacheAwareFilter@af27e00, org.springframework.security.web.servletapi.SecurityContextHolderAwareRequestFilter@5f709b99, org.springframework.security.web.authentication.AnonymousAuthenticationFilter@63cfd703, org.springframework.security.web.session.SessionManagementFilter@cdf3815, org.springframework.security.web.access.ExceptionTranslationFilter@3e07ccbf, org.springframework.security.web.access.intercept.AuthorizationFilter@41ebae0e]
2024-04-14 13:10:43.372 INFO  org.springframework.boot.web.embedded.tomcat.TomcatWebServer transactionId=[] - Tomcat started on port 8080 (http) with context path ''
2024-04-14 13:10:43.383 INFO  org.example.Main transactionId=[] - Started Main in 6.047 seconds (process running for 6.923)
2024-04-14 13:10:43.496 INFO  org.example.service.impl.TrainingTypeServiceImpl transactionId=[] - Getting all training types
